[22:33:03] [ServerMain/INFO]: Environment: Environment[sessionHost=https://sessionserver.mojang.com, servicesHost=https://api.minecraftservices.com, name=PROD]
[22:33:12] [ServerMain/INFO]: Loaded 1290 recipes
[22:33:13] [ServerMain/INFO]: Loaded 1399 advancements
[22:33:15] [Server thread/INFO]: Starting minecraft server version 1.21.1
[22:33:15] [Server thread/INFO]: Loading properties
[22:33:15] [Server thread/INFO]: Default game type: SURVIVAL
[22:33:15] [Server thread/INFO]: Generating keypair
[22:33:15] [Server thread/INFO]: Starting Minecraft server on *:25565
[22:33:15] [Server thread/INFO]: Using epoll channel type
[22:33:16] [Server thread/INFO]: Preparing level "world"
[22:33:23] [Server thread/INFO]: Preparing start region for dimension minecraft:overworld
[22:33:25] [Worker-Main-3/INFO]: Preparing spawn area: 0%
[22:33:25] [Worker-Main-3/INFO]: Preparing spawn area: 0%
[22:33:25] [Worker-Main-3/INFO]: Preparing spawn area: 0%
[22:33:25] [Worker-Main-3/INFO]: Preparing spawn area: 0%
[22:33:25] [Server thread/INFO]: Time elapsed: 2010 ms
[22:33:25] [Server thread/INFO]: Done (9.650s)! For help, type "help"
[22:33:44] [Server thread/INFO]: Unknown or incomplete command, see below for error
[22:33:44] [Server thread/INFO]: say<--[HERE]
[22:33:47] [Server thread/INFO]: [Not Secure] [Server] hello
[22:33:58] [Server thread/INFO]: Seed: [5024082144019332604]
[22:34:04] [Server thread/INFO]: Unknown or incomplete command, see below for error
[22:34:04] [Server thread/INFO]: pregen<--[HERE]
[22:34:12] [Server thread/INFO]: Stopping the server
[22:34:12] [Server thread/INFO]: Stopping server
[22:34:12] [Server thread/INFO]: Saving players
[22:34:12] [Server thread/INFO]: Saving worlds
[22:34:12] [Server thread/INFO]: Saving chunks for level 'ServerLevel[world]'/minecraft:overworld
[22:34:12] [Server thread/INFO]: Saving chunks for level 'ServerLevel[world]'/minecraft:the_nether
[22:34:12] [Server thread/INFO]: Saving chunks for level 'ServerLevel[world]'/minecraft:the_end
[22:34:13] [Server thread/INFO]: ThreadedAnvilChunkStorage (world): All chunks are saved
[22:34:13] [Server thread/INFO]: ThreadedAnvilChunkStorage (DIM-1): All chunks are saved
[22:34:13] [Server thread/INFO]: ThreadedAnvilChunkStorage (DIM1): All chunks are saved
[22:34:13] [Server thread/INFO]: ThreadedAnvilChunkStorage: All dimensions are saved
